
extDB3: https://bitbucket.org/torndeco/extdb3/wiki/Home
extDB3: Version: 1.028
extDB3: Windows Version
Message: All development for extDB3 is done on a Linux Dedicated Server
Message: If you would like to Donate to extDB3 Development
Message: https://www.paypal.com/cgi-bin/webscr?cmd=_s-xclick&hosted_button_id=2SUEFTGABTAM2
Message: Also leave a message if there is any particular feature you would like to see added.
Message: Thanks for all the people that have donated.
Message: Torndeco: 18/05/15


extDB3: Found extdb3-conf.ini
extDB3: Detected 8 Cores, Setting up 6 Worker Threads
extDB3: ...
extDB3: ...
extDB3: ...
extDB3: ...
extDB3: ...
extDB3: ...


[17:22:19:088836 +02:00] [Thread 5300] extDB3: SQL: Initialized: Add Quotes around TEXT Datatypes mode: 2
[17:22:19:095175 +02:00] [Thread 5300] extDB3: SQL: Initialized: NULL = ""
[17:22:19:095278 +02:00] [Thread 5300] extDB3: Locked
[17:22:19:328718 +02:00] [Thread 884] extDB3: SQL: Error MariaDBQueryException: The user specified as a definer ('arma3'@'localhost') does not exist
[17:22:19:328775 +02:00] [Thread 4016] extDB3: SQL: Error MariaDBQueryException: The user specified as a definer ('arma3'@'localhost') does not exist
[17:22:19:328712 +02:00] [Thread 5072] extDB3: SQL: Error MariaDBQueryException: The user specified as a definer ('arma3'@'localhost') does not exist
[17:22:19:329091 +02:00] [Thread 5072] extDB3: SQL: Error MariaDBQueryException: Input: CALL deleteDeadVehicles
[17:22:19:328827 +02:00] [Thread 884] extDB3: SQL: Error MariaDBQueryException: Input: CALL deleteOldGangs
[17:22:19:328955 +02:00] [Thread 4016] extDB3: SQL: Error MariaDBQueryException: Input: CALL deleteOldHouses
[17:22:19:328755 +02:00] [Thread 3112] extDB3: SQL: Error MariaDBQueryException: The user specified as a definer ('arma3'@'localhost') does not exist
[17:22:19:329523 +02:00] [Thread 3112] extDB3: SQL: Error MariaDBQueryException: Input: CALL resetLifeVehicles
