
extDB3: https://bitbucket.org/torndeco/extdb3/wiki/Home
extDB3: Version: 1.028
extDB3: Windows Version
Message: All development for extDB3 is done on a Linux Dedicated Server
Message: If you would like to Donate to extDB3 Development
Message: https://www.paypal.com/cgi-bin/webscr?cmd=_s-xclick&hosted_button_id=2SUEFTGABTAM2
Message: Also leave a message if there is any particular feature you would like to see added.
Message: Thanks for all the people that have donated.
Message: Torndeco: 18/05/15


extDB3: Found extdb3-conf.ini
extDB3: Detected 8 Cores, Setting up 6 Worker Threads
extDB3: ...
extDB3: ...
extDB3: ...
extDB3: ...
extDB3: ...
extDB3: ...


[17:30:49:123528 +02:00] [Thread 7084] extDB3: SQL: Initialized: Add Quotes around TEXT Datatypes mode: 2
[17:30:49:125331 +02:00] [Thread 7084] extDB3: SQL: Initialized: NULL = ""
[17:30:49:125450 +02:00] [Thread 7084] extDB3: Locked
[17:30:49:148326 +02:00] [Thread 5568] extDB3: SQL: Error MariaDBQueryException: The user specified as a definer ('arma3'@'localhost') does not exist
[17:30:49:148369 +02:00] [Thread 5776] extDB3: SQL: Error MariaDBQueryException: The user specified as a definer ('arma3'@'localhost') does not exist
[17:30:49:148449 +02:00] [Thread 5568] extDB3: SQL: Error MariaDBQueryException: Input: CALL resetLifeVehicles
[17:30:49:148516 +02:00] [Thread 5776] extDB3: SQL: Error MariaDBQueryException: Input: CALL deleteDeadVehicles
[17:30:49:148520 +02:00] [Thread 2588] extDB3: SQL: Error MariaDBQueryException: The user specified as a definer ('arma3'@'localhost') does not exist
[17:30:49:148788 +02:00] [Thread 2588] extDB3: SQL: Error MariaDBQueryException: Input: CALL deleteOldHouses
[17:30:49:149154 +02:00] [Thread 1372] extDB3: SQL: Error MariaDBQueryException: The user specified as a definer ('arma3'@'localhost') does not exist
[17:30:49:149185 +02:00] [Thread 1372] extDB3: SQL: Error MariaDBQueryException: Input: CALL deleteOldGangs
