
extDB3: https://bitbucket.org/torndeco/extdb3/wiki/Home
extDB3: Version: 1.028
extDB3: Windows Version
Message: All development for extDB3 is done on a Linux Dedicated Server
Message: If you would like to Donate to extDB3 Development
Message: https://www.paypal.com/cgi-bin/webscr?cmd=_s-xclick&hosted_button_id=2SUEFTGABTAM2
Message: Also leave a message if there is any particular feature you would like to see added.
Message: Thanks for all the people that have donated.
Message: Torndeco: 18/05/15


extDB3: Found extdb3-conf.ini
extDB3: Detected 8 Cores, Setting up 6 Worker Threads
extDB3: ...
extDB3: ...
extDB3: ...
extDB3: ...
extDB3: ...
extDB3: ...


[17:51:39:865447 +02:00] [Thread 4900] extDB3: SQL: Initialized: Add Quotes around TEXT Datatypes mode: 2
[17:51:39:866783 +02:00] [Thread 4900] extDB3: SQL: Initialized: NULL = ""
[17:51:39:866867 +02:00] [Thread 4900] extDB3: Locked
[17:51:39:893877 +02:00] [Thread 6200] extDB3: SQL: Error MariaDBQueryException: The user specified as a definer ('arma3'@'localhost') does not exist
[17:51:39:893967 +02:00] [Thread 6200] extDB3: SQL: Error MariaDBQueryException: Input: CALL resetLifeVehicles
[17:51:39:893968 +02:00] [Thread 6180] extDB3: SQL: Error MariaDBQueryException: The user specified as a definer ('arma3'@'localhost') does not exist
[17:51:39:894059 +02:00] [Thread 6180] extDB3: SQL: Error MariaDBQueryException: Input: CALL deleteDeadVehicles
[17:51:39:894214 +02:00] [Thread 4148] extDB3: SQL: Error MariaDBQueryException: The user specified as a definer ('arma3'@'localhost') does not exist
[17:51:39:894334 +02:00] [Thread 4148] extDB3: SQL: Error MariaDBQueryException: Input: CALL deleteOldHouses
[17:51:39:895066 +02:00] [Thread 6152] extDB3: SQL: Error MariaDBQueryException: The user specified as a definer ('arma3'@'localhost') does not exist
[17:51:39:895160 +02:00] [Thread 6152] extDB3: SQL: Error MariaDBQueryException: Input: CALL deleteOldGangs
