
extDB3: https://bitbucket.org/torndeco/extdb3/wiki/Home
extDB3: Version: 1.028
extDB3: Windows Version
Message: All development for extDB3 is done on a Linux Dedicated Server
Message: If you would like to Donate to extDB3 Development
Message: https://www.paypal.com/cgi-bin/webscr?cmd=_s-xclick&hosted_button_id=2SUEFTGABTAM2
Message: Also leave a message if there is any particular feature you would like to see added.
Message: Thanks for all the people that have donated.
Message: Torndeco: 18/05/15


extDB3: Found extdb3-conf.ini
extDB3: Detected 8 Cores, Setting up 6 Worker Threads
extDB3: ...
extDB3: ...
extDB3: ...
extDB3: ...
extDB3: ...
extDB3: ...


[17:59:06:459661 +02:00] [Thread 1644] extDB3: SQL: Initialized: Add Quotes around TEXT Datatypes mode: 2
[17:59:06:461702 +02:00] [Thread 1644] extDB3: SQL: Initialized: NULL = ""
[17:59:06:462002 +02:00] [Thread 1644] extDB3: Locked
[17:59:06:493532 +02:00] [Thread 456] extDB3: SQL: Error MariaDBQueryException: The user specified as a definer ('arma3'@'localhost') does not exist
[17:59:06:493635 +02:00] [Thread 1680] extDB3: SQL: Error MariaDBQueryException: The user specified as a definer ('arma3'@'localhost') does not exist
[17:59:06:493670 +02:00] [Thread 456] extDB3: SQL: Error MariaDBQueryException: Input: CALL resetLifeVehicles
[17:59:06:493699 +02:00] [Thread 1680] extDB3: SQL: Error MariaDBQueryException: Input: CALL deleteOldHouses
[17:59:06:493531 +02:00] [Thread 4232] extDB3: SQL: Error MariaDBQueryException: The user specified as a definer ('arma3'@'localhost') does not exist
[17:59:06:494302 +02:00] [Thread 4232] extDB3: SQL: Error MariaDBQueryException: Input: CALL deleteDeadVehicles
[17:59:06:494372 +02:00] [Thread 2620] extDB3: SQL: Error MariaDBQueryException: The user specified as a definer ('arma3'@'localhost') does not exist
[17:59:06:494500 +02:00] [Thread 2620] extDB3: SQL: Error MariaDBQueryException: Input: CALL deleteOldGangs
