
extDB3: https://bitbucket.org/torndeco/extdb3/wiki/Home
extDB3: Version: 1.028
extDB3: Windows Version
Message: All development for extDB3 is done on a Linux Dedicated Server
Message: If you would like to Donate to extDB3 Development
Message: https://www.paypal.com/cgi-bin/webscr?cmd=_s-xclick&hosted_button_id=2SUEFTGABTAM2
Message: Also leave a message if there is any particular feature you would like to see added.
Message: Thanks for all the people that have donated.
Message: Torndeco: 18/05/15


extDB3: Found extdb3-conf.ini
extDB3: Detected 8 Cores, Setting up 6 Worker Threads
extDB3: ...
extDB3: ...
extDB3: ...
extDB3: ...
extDB3: ...
extDB3: ...


[18:06:54:914881 +02:00] [Thread 2552] extDB3: SQL: Initialized: Add Quotes around TEXT Datatypes mode: 2
[18:06:54:916499 +02:00] [Thread 2552] extDB3: SQL: Initialized: NULL = ""
[18:06:54:916563 +02:00] [Thread 2552] extDB3: Locked
[18:06:54:944389 +02:00] [Thread 6524] extDB3: SQL: Error MariaDBQueryException: The user specified as a definer ('arma3'@'localhost') does not exist
[18:06:54:944413 +02:00] [Thread 4592] extDB3: SQL: Error MariaDBQueryException: The user specified as a definer ('arma3'@'localhost') does not exist
[18:06:54:944544 +02:00] [Thread 1144] extDB3: SQL: Error MariaDBQueryException: The user specified as a definer ('arma3'@'localhost') does not exist
[18:06:54:944565 +02:00] [Thread 4592] extDB3: SQL: Error MariaDBQueryException: Input: CALL resetLifeVehicles
[18:06:54:944511 +02:00] [Thread 6524] extDB3: SQL: Error MariaDBQueryException: Input: CALL deleteDeadVehicles
[18:06:54:944658 +02:00] [Thread 1144] extDB3: SQL: Error MariaDBQueryException: Input: CALL deleteOldHouses
[18:06:54:945490 +02:00] [Thread 6960] extDB3: SQL: Error MariaDBQueryException: The user specified as a definer ('arma3'@'localhost') does not exist
[18:06:54:945528 +02:00] [Thread 6960] extDB3: SQL: Error MariaDBQueryException: Input: CALL deleteOldGangs
