
extDB3: https://bitbucket.org/torndeco/extdb3/wiki/Home
extDB3: Version: 1.028
extDB3: Windows Version
Message: All development for extDB3 is done on a Linux Dedicated Server
Message: If you would like to Donate to extDB3 Development
Message: https://www.paypal.com/cgi-bin/webscr?cmd=_s-xclick&hosted_button_id=2SUEFTGABTAM2
Message: Also leave a message if there is any particular feature you would like to see added.
Message: Thanks for all the people that have donated.
Message: Torndeco: 18/05/15


extDB3: Found extdb3-conf.ini
extDB3: Detected 8 Cores, Setting up 6 Worker Threads
extDB3: ...
extDB3: ...
extDB3: ...
extDB3: ...
extDB3: ...
extDB3: ...


[20:30:39:949768 +02:00] [Thread 6292] extDB3: SQL: Initialized: Add Quotes around TEXT Datatypes mode: 2
[20:30:39:951918 +02:00] [Thread 6292] extDB3: SQL: Initialized: NULL = ""
[20:30:39:952004 +02:00] [Thread 6292] extDB3: Locked
[20:30:39:987733 +02:00] [Thread 6668] extDB3: SQL: Error MariaDBQueryException: The user specified as a definer ('arma3'@'localhost') does not exist
[20:30:39:988182 +02:00] [Thread 6668] extDB3: SQL: Error MariaDBQueryException: Input: CALL resetLifeVehicles
[20:30:39:988171 +02:00] [Thread 5224] extDB3: SQL: Error MariaDBQueryException: The user specified as a definer ('arma3'@'localhost') does not exist
[20:30:39:988285 +02:00] [Thread 5224] extDB3: SQL: Error MariaDBQueryException: Input: CALL deleteDeadVehicles
[20:30:39:988284 +02:00] [Thread 7684] extDB3: SQL: Error MariaDBQueryException: The user specified as a definer ('arma3'@'localhost') does not exist
[20:30:39:988444 +02:00] [Thread 7684] extDB3: SQL: Error MariaDBQueryException: Input: CALL deleteOldHouses
[20:30:39:990109 +02:00] [Thread 6764] extDB3: SQL: Error MariaDBQueryException: The user specified as a definer ('arma3'@'localhost') does not exist
[20:30:39:990147 +02:00] [Thread 6764] extDB3: SQL: Error MariaDBQueryException: Input: CALL deleteOldGangs
