
extDB3: https://bitbucket.org/torndeco/extdb3/wiki/Home
extDB3: Version: 1.028
extDB3: Windows Version
Message: All development for extDB3 is done on a Linux Dedicated Server
Message: If you would like to Donate to extDB3 Development
Message: https://www.paypal.com/cgi-bin/webscr?cmd=_s-xclick&hosted_button_id=2SUEFTGABTAM2
Message: Also leave a message if there is any particular feature you would like to see added.
Message: Thanks for all the people that have donated.
Message: Torndeco: 18/05/15


extDB3: Found extdb3-conf.ini
extDB3: Detected 8 Cores, Setting up 6 Worker Threads
extDB3: ...
extDB3: ...
extDB3: ...
extDB3: ...
extDB3: ...
extDB3: ...


[22:12:03:156984 +02:00] [Thread 7288] extDB3: SQL: Initialized: Add Quotes around TEXT Datatypes mode: 2
[22:12:03:158943 +02:00] [Thread 7288] extDB3: SQL: Initialized: NULL = ""
[22:12:03:159017 +02:00] [Thread 7288] extDB3: Locked
[22:12:03:190866 +02:00] [Thread 7804] extDB3: SQL: Error MariaDBQueryException: The user specified as a definer ('arma3'@'localhost') does not exist
[22:12:03:190982 +02:00] [Thread 7804] extDB3: SQL: Error MariaDBQueryException: Input: CALL resetLifeVehicles
[22:12:03:191056 +02:00] [Thread 8164] extDB3: SQL: Error MariaDBQueryException: The user specified as a definer ('arma3'@'localhost') does not exist
[22:12:03:191120 +02:00] [Thread 7572] extDB3: SQL: Error MariaDBQueryException: The user specified as a definer ('arma3'@'localhost') does not exist
[22:12:03:191224 +02:00] [Thread 7572] extDB3: SQL: Error MariaDBQueryException: Input: CALL deleteOldHouses
[22:12:03:191142 +02:00] [Thread 8164] extDB3: SQL: Error MariaDBQueryException: Input: CALL deleteDeadVehicles
[22:12:03:192101 +02:00] [Thread 8092] extDB3: SQL: Error MariaDBQueryException: The user specified as a definer ('arma3'@'localhost') does not exist
[22:12:03:192188 +02:00] [Thread 8092] extDB3: SQL: Error MariaDBQueryException: Input: CALL deleteOldGangs
