
extDB3: https://bitbucket.org/torndeco/extdb3/wiki/Home
extDB3: Version: 1.028
extDB3: Windows Version
Message: All development for extDB3 is done on a Linux Dedicated Server
Message: If you would like to Donate to extDB3 Development
Message: https://www.paypal.com/cgi-bin/webscr?cmd=_s-xclick&hosted_button_id=2SUEFTGABTAM2
Message: Also leave a message if there is any particular feature you would like to see added.
Message: Thanks for all the people that have donated.
Message: Torndeco: 18/05/15


extDB3: Found extdb3-conf.ini
extDB3: Detected 8 Cores, Setting up 6 Worker Threads
extDB3: ...
extDB3: ...
extDB3: ...
extDB3: ...
extDB3: ...
extDB3: ...


[22:18:32:518131 +02:00] [Thread 4512] extDB3: SQL: Initialized: Add Quotes around TEXT Datatypes mode: 2
[22:18:32:519865 +02:00] [Thread 4512] extDB3: SQL: Initialized: NULL = ""
[22:18:32:519945 +02:00] [Thread 4512] extDB3: Locked
[22:18:32:553824 +02:00] [Thread 3456] extDB3: SQL: Error MariaDBQueryException: The user specified as a definer ('arma3'@'localhost') does not exist
[22:18:32:553940 +02:00] [Thread 3456] extDB3: SQL: Error MariaDBQueryException: Input: CALL resetLifeVehicles
[22:18:32:554187 +02:00] [Thread 2852] extDB3: SQL: Error MariaDBQueryException: The user specified as a definer ('arma3'@'localhost') does not exist
[22:18:32:554270 +02:00] [Thread 2852] extDB3: SQL: Error MariaDBQueryException: Input: CALL deleteDeadVehicles
[22:18:32:554306 +02:00] [Thread 6076] extDB3: SQL: Error MariaDBQueryException: The user specified as a definer ('arma3'@'localhost') does not exist
[22:18:32:554472 +02:00] [Thread 6076] extDB3: SQL: Error MariaDBQueryException: Input: CALL deleteOldHouses
[22:18:32:556042 +02:00] [Thread 8388] extDB3: SQL: Error MariaDBQueryException: The user specified as a definer ('arma3'@'localhost') does not exist
[22:18:32:556105 +02:00] [Thread 8388] extDB3: SQL: Error MariaDBQueryException: Input: CALL deleteOldGangs
