
extDB3: https://bitbucket.org/torndeco/extdb3/wiki/Home
extDB3: Version: 1.028
extDB3: Windows Version
Message: All development for extDB3 is done on a Linux Dedicated Server
Message: If you would like to Donate to extDB3 Development
Message: https://www.paypal.com/cgi-bin/webscr?cmd=_s-xclick&hosted_button_id=2SUEFTGABTAM2
Message: Also leave a message if there is any particular feature you would like to see added.
Message: Thanks for all the people that have donated.
Message: Torndeco: 18/05/15


extDB3: Found extdb3-conf.ini
extDB3: Detected 8 Cores, Setting up 6 Worker Threads
extDB3: ...
extDB3: ...
extDB3: ...
extDB3: ...
extDB3: ...
extDB3: ...


[22:34:32:257871 +02:00] [Thread 7540] extDB3: SQL: Initialized: Add Quotes around TEXT Datatypes mode: 2
[22:34:32:263360 +02:00] [Thread 7540] extDB3: SQL: Initialized: NULL = ""
[22:34:32:265276 +02:00] [Thread 7540] extDB3: Locked
[22:34:32:313432 +02:00] [Thread 8704] extDB3: SQL: Error MariaDBQueryException: The user specified as a definer ('arma3'@'localhost') does not exist
[22:34:32:313541 +02:00] [Thread 8704] extDB3: SQL: Error MariaDBQueryException: Input: CALL resetLifeVehicles
[22:34:32:313588 +02:00] [Thread 6852] extDB3: SQL: Error MariaDBQueryException: The user specified as a definer ('arma3'@'localhost') does not exist
[22:34:32:313620 +02:00] [Thread 6852] extDB3: SQL: Error MariaDBQueryException: Input: CALL deleteDeadVehicles
[22:34:32:313655 +02:00] [Thread 3120] extDB3: SQL: Error MariaDBQueryException: The user specified as a definer ('arma3'@'localhost') does not exist
[22:34:32:313789 +02:00] [Thread 3120] extDB3: SQL: Error MariaDBQueryException: Input: CALL deleteOldHouses
[22:34:32:314795 +02:00] [Thread 4692] extDB3: SQL: Error MariaDBQueryException: The user specified as a definer ('arma3'@'localhost') does not exist
[22:34:32:314874 +02:00] [Thread 4692] extDB3: SQL: Error MariaDBQueryException: Input: CALL deleteOldGangs
