
extDB3: https://bitbucket.org/torndeco/extdb3/wiki/Home
extDB3: Version: 1.028
extDB3: Windows Version
Message: All development for extDB3 is done on a Linux Dedicated Server
Message: If you would like to Donate to extDB3 Development
Message: https://www.paypal.com/cgi-bin/webscr?cmd=_s-xclick&hosted_button_id=2SUEFTGABTAM2
Message: Also leave a message if there is any particular feature you would like to see added.
Message: Thanks for all the people that have donated.
Message: Torndeco: 18/05/15


extDB3: Found extdb3-conf.ini
extDB3: Detected 8 Cores, Setting up 6 Worker Threads
extDB3: ...
extDB3: ...
extDB3: ...
extDB3: ...
extDB3: ...
extDB3: ...


[23:56:01:446479 +02:00] [Thread 8908] extDB3: SQL: Initialized: Add Quotes around TEXT Datatypes mode: 2
[23:56:01:447978 +02:00] [Thread 8908] extDB3: SQL: Initialized: NULL = ""
[23:56:01:448048 +02:00] [Thread 8908] extDB3: Locked
[23:56:01:467509 +02:00] [Thread 2892] extDB3: SQL: Error MariaDBQueryException: The user specified as a definer ('arma3'@'localhost') does not exist
[23:56:01:467570 +02:00] [Thread 1252] extDB3: SQL: Error MariaDBQueryException: The user specified as a definer ('arma3'@'localhost') does not exist
[23:56:01:467598 +02:00] [Thread 2892] extDB3: SQL: Error MariaDBQueryException: Input: CALL resetLifeVehicles
[23:56:01:467674 +02:00] [Thread 1252] extDB3: SQL: Error MariaDBQueryException: Input: CALL deleteDeadVehicles
[23:56:01:468535 +02:00] [Thread 7200] extDB3: SQL: Error MariaDBQueryException: The user specified as a definer ('arma3'@'localhost') does not exist
[23:56:01:468613 +02:00] [Thread 7200] extDB3: SQL: Error MariaDBQueryException: Input: CALL deleteOldHouses
[23:56:01:469199 +02:00] [Thread 1144] extDB3: SQL: Error MariaDBQueryException: The user specified as a definer ('arma3'@'localhost') does not exist
[23:56:01:469233 +02:00] [Thread 1144] extDB3: SQL: Error MariaDBQueryException: Input: CALL deleteOldGangs
