
extDB3: https://bitbucket.org/torndeco/extdb3/wiki/Home
extDB3: Version: 1.028
extDB3: Windows Version
Message: All development for extDB3 is done on a Linux Dedicated Server
Message: If you would like to Donate to extDB3 Development
Message: https://www.paypal.com/cgi-bin/webscr?cmd=_s-xclick&hosted_button_id=2SUEFTGABTAM2
Message: Also leave a message if there is any particular feature you would like to see added.
Message: Thanks for all the people that have donated.
Message: Torndeco: 18/05/15


extDB3: Found extdb3-conf.ini
extDB3: Detected 8 Cores, Setting up 6 Worker Threads
extDB3: ...
extDB3: ...
extDB3: ...
extDB3: ...
extDB3: ...
extDB3: ...


[13:34:39:133253 +02:00] [Thread 4976] extDB3: SQL: Initialized: Add Quotes around TEXT Datatypes mode: 2
[13:34:39:134805 +02:00] [Thread 4976] extDB3: SQL: Initialized: NULL = ""
[13:34:39:134996 +02:00] [Thread 4976] extDB3: Locked
[13:34:39:160409 +02:00] [Thread 8476] extDB3: SQL: Error MariaDBQueryException: The user specified as a definer ('arma3'@'localhost') does not exist
[13:34:39:160519 +02:00] [Thread 8476] extDB3: SQL: Error MariaDBQueryException: Input: CALL resetLifeVehicles
[13:34:39:160528 +02:00] [Thread 8236] extDB3: SQL: Error MariaDBQueryException: The user specified as a definer ('arma3'@'localhost') does not exist
[13:34:39:160561 +02:00] [Thread 8236] extDB3: SQL: Error MariaDBQueryException: Input: CALL deleteDeadVehicles
[13:34:39:160598 +02:00] [Thread 6492] extDB3: SQL: Error MariaDBQueryException: The user specified as a definer ('arma3'@'localhost') does not exist
[13:34:39:160699 +02:00] [Thread 6492] extDB3: SQL: Error MariaDBQueryException: Input: CALL deleteOldHouses
[13:34:39:161747 +02:00] [Thread 1092] extDB3: SQL: Error MariaDBQueryException: The user specified as a definer ('arma3'@'localhost') does not exist
[13:34:39:161852 +02:00] [Thread 1092] extDB3: SQL: Error MariaDBQueryException: Input: CALL deleteOldGangs
