
extDB3: https://bitbucket.org/torndeco/extdb3/wiki/Home
extDB3: Version: 1.028
extDB3: Windows Version
Message: All development for extDB3 is done on a Linux Dedicated Server
Message: If you would like to Donate to extDB3 Development
Message: https://www.paypal.com/cgi-bin/webscr?cmd=_s-xclick&hosted_button_id=2SUEFTGABTAM2
Message: Also leave a message if there is any particular feature you would like to see added.
Message: Thanks for all the people that have donated.
Message: Torndeco: 18/05/15


extDB3: Found extdb3-conf.ini
extDB3: Detected 8 Cores, Setting up 6 Worker Threads
extDB3: ...
extDB3: ...
extDB3: ...
extDB3: ...
extDB3: ...
extDB3: ...


[21:12:13:155718 +02:00] [Thread 3828] extDB3: SQL: Initialized: Add Quotes around TEXT Datatypes mode: 2
[21:12:13:157559 +02:00] [Thread 3828] extDB3: SQL: Initialized: NULL = ""
[21:12:13:157633 +02:00] [Thread 3828] extDB3: Locked
[21:12:13:204659 +02:00] [Thread 5300] extDB3: SQL: Error MariaDBQueryException: The user specified as a definer ('arma3'@'localhost') does not exist
[21:12:13:204794 +02:00] [Thread 5300] extDB3: SQL: Error MariaDBQueryException: Input: CALL resetLifeVehicles
[21:12:13:204874 +02:00] [Thread 3312] extDB3: SQL: Error MariaDBQueryException: The user specified as a definer ('arma3'@'localhost') does not exist
[21:12:13:205013 +02:00] [Thread 3312] extDB3: SQL: Error MariaDBQueryException: Input: CALL deleteOldGangs
[21:12:13:205411 +02:00] [Thread 7500] extDB3: SQL: Error MariaDBQueryException: The user specified as a definer ('arma3'@'localhost') does not exist
[21:12:13:205495 +02:00] [Thread 7500] extDB3: SQL: Error MariaDBQueryException: Input: CALL deleteDeadVehicles
[21:12:13:206851 +02:00] [Thread 3252] extDB3: SQL: Error MariaDBQueryException: The user specified as a definer ('arma3'@'localhost') does not exist
[21:12:13:206976 +02:00] [Thread 3252] extDB3: SQL: Error MariaDBQueryException: Input: CALL deleteOldHouses
