
extDB3: https://bitbucket.org/torndeco/extdb3/wiki/Home
extDB3: Version: 1.028
extDB3: Windows Version
Message: All development for extDB3 is done on a Linux Dedicated Server
Message: If you would like to Donate to extDB3 Development
Message: https://www.paypal.com/cgi-bin/webscr?cmd=_s-xclick&hosted_button_id=2SUEFTGABTAM2
Message: Also leave a message if there is any particular feature you would like to see added.
Message: Thanks for all the people that have donated.
Message: Torndeco: 18/05/15


extDB3: Found extdb3-conf.ini
extDB3: Detected 8 Cores, Setting up 6 Worker Threads
extDB3: ...
extDB3: ...
extDB3: ...
extDB3: ...
extDB3: ...
extDB3: ...


[22:13:42:534656 +02:00] [Thread 5660] extDB3: SQL: Initialized: Add Quotes around TEXT Datatypes mode: 2
[22:13:42:537162 +02:00] [Thread 5660] extDB3: SQL: Initialized: NULL = ""
[22:13:42:537428 +02:00] [Thread 5660] extDB3: Locked
[22:13:42:578101 +02:00] [Thread 1308] extDB3: SQL: Error MariaDBQueryException: The user specified as a definer ('arma3'@'localhost') does not exist
[22:13:42:578212 +02:00] [Thread 1308] extDB3: SQL: Error MariaDBQueryException: Input: CALL resetLifeVehicles
[22:13:42:578432 +02:00] [Thread 3888] extDB3: SQL: Error MariaDBQueryException: The user specified as a definer ('arma3'@'localhost') does not exist
[22:13:42:578569 +02:00] [Thread 3888] extDB3: SQL: Error MariaDBQueryException: Input: CALL deleteDeadVehicles
[22:13:42:578581 +02:00] [Thread 1556] extDB3: SQL: Error MariaDBQueryException: The user specified as a definer ('arma3'@'localhost') does not exist
[22:13:42:578616 +02:00] [Thread 1556] extDB3: SQL: Error MariaDBQueryException: Input: CALL deleteOldHouses
[22:13:42:580227 +02:00] [Thread 5688] extDB3: SQL: Error MariaDBQueryException: The user specified as a definer ('arma3'@'localhost') does not exist
[22:13:42:580314 +02:00] [Thread 5688] extDB3: SQL: Error MariaDBQueryException: Input: CALL deleteOldGangs
