
extDB3: https://bitbucket.org/torndeco/extdb3/wiki/Home
extDB3: Version: 1.028
extDB3: Windows Version
Message: All development for extDB3 is done on a Linux Dedicated Server
Message: If you would like to Donate to extDB3 Development
Message: https://www.paypal.com/cgi-bin/webscr?cmd=_s-xclick&hosted_button_id=2SUEFTGABTAM2
Message: Also leave a message if there is any particular feature you would like to see added.
Message: Thanks for all the people that have donated.
Message: Torndeco: 18/05/15


extDB3: Found extdb3-conf.ini
extDB3: Detected 8 Cores, Setting up 6 Worker Threads
extDB3: ...
extDB3: ...
extDB3: ...
extDB3: ...
extDB3: ...
extDB3: ...


[19:25:19:465180 +02:00] [Thread 5788] extDB3: SQL: Initialized: Add Quotes around TEXT Datatypes mode: 2
[19:25:19:477188 +02:00] [Thread 5788] extDB3: SQL: Initialized: NULL = ""
[19:25:19:486097 +02:00] [Thread 5788] extDB3: Locked
[19:25:19:530194 +02:00] [Thread 3396] extDB3: SQL: Error MariaDBQueryException: The user specified as a definer ('arma3'@'localhost') does not exist
[19:25:19:530320 +02:00] [Thread 3396] extDB3: SQL: Error MariaDBQueryException: Input: CALL resetLifeVehicles
[19:25:19:530322 +02:00] [Thread 6572] extDB3: SQL: Error MariaDBQueryException: The user specified as a definer ('arma3'@'localhost') does not exist
[19:25:19:530383 +02:00] [Thread 6572] extDB3: SQL: Error MariaDBQueryException: Input: CALL deleteDeadVehicles
[19:25:19:530665 +02:00] [Thread 1468] extDB3: SQL: Error MariaDBQueryException: The user specified as a definer ('arma3'@'localhost') does not exist
[19:25:19:530832 +02:00] [Thread 1468] extDB3: SQL: Error MariaDBQueryException: Input: CALL deleteOldHouses
[19:25:19:531980 +02:00] [Thread 2624] extDB3: SQL: Error MariaDBQueryException: The user specified as a definer ('arma3'@'localhost') does not exist
[19:25:19:532073 +02:00] [Thread 2624] extDB3: SQL: Error MariaDBQueryException: Input: CALL deleteOldGangs
