
extDB3: https://bitbucket.org/torndeco/extdb3/wiki/Home
extDB3: Version: 1.028
extDB3: Windows Version
Message: All development for extDB3 is done on a Linux Dedicated Server
Message: If you would like to Donate to extDB3 Development
Message: https://www.paypal.com/cgi-bin/webscr?cmd=_s-xclick&hosted_button_id=2SUEFTGABTAM2
Message: Also leave a message if there is any particular feature you would like to see added.
Message: Thanks for all the people that have donated.
Message: Torndeco: 18/05/15


extDB3: Found extdb3-conf.ini
extDB3: Detected 8 Cores, Setting up 6 Worker Threads
extDB3: ...
extDB3: ...
extDB3: ...
extDB3: ...
extDB3: ...
extDB3: ...


[20:05:13:480930 +02:00] [Thread 3952] extDB3: SQL: Initialized: Add Quotes around TEXT Datatypes mode: 2
[20:05:13:491318 +02:00] [Thread 3952] extDB3: SQL: Initialized: NULL = ""
[20:05:13:491444 +02:00] [Thread 3952] extDB3: Locked
[20:05:13:533745 +02:00] [Thread 7884] extDB3: SQL: Error MariaDBQueryException: The user specified as a definer ('arma3'@'localhost') does not exist
[20:05:13:533838 +02:00] [Thread 6812] extDB3: SQL: Error MariaDBQueryException: The user specified as a definer ('arma3'@'localhost') does not exist
[20:05:13:533827 +02:00] [Thread 8276] extDB3: SQL: Error MariaDBQueryException: The user specified as a definer ('arma3'@'localhost') does not exist
[20:05:13:533886 +02:00] [Thread 7884] extDB3: SQL: Error MariaDBQueryException: Input: CALL deleteDeadVehicles
[20:05:13:533983 +02:00] [Thread 6812] extDB3: SQL: Error MariaDBQueryException: Input: CALL resetLifeVehicles
[20:05:13:534031 +02:00] [Thread 8276] extDB3: SQL: Error MariaDBQueryException: Input: CALL deleteOldGangs
[20:05:13:535023 +02:00] [Thread 1532] extDB3: SQL: Error MariaDBQueryException: The user specified as a definer ('arma3'@'localhost') does not exist
[20:05:13:535057 +02:00] [Thread 1532] extDB3: SQL: Error MariaDBQueryException: Input: CALL deleteOldHouses
