
extDB3: https://bitbucket.org/torndeco/extdb3/wiki/Home
extDB3: Version: 1.028
extDB3: Windows Version
Message: All development for extDB3 is done on a Linux Dedicated Server
Message: If you would like to Donate to extDB3 Development
Message: https://www.paypal.com/cgi-bin/webscr?cmd=_s-xclick&hosted_button_id=2SUEFTGABTAM2
Message: Also leave a message if there is any particular feature you would like to see added.
Message: Thanks for all the people that have donated.
Message: Torndeco: 18/05/15


extDB3: Found extdb3-conf.ini
extDB3: Detected 8 Cores, Setting up 6 Worker Threads
extDB3: ...
extDB3: ...
extDB3: ...
extDB3: ...
extDB3: ...
extDB3: ...


[21:56:48:766292 +02:00] [Thread 3044] extDB3: SQL: Initialized: Add Quotes around TEXT Datatypes mode: 2
[21:56:48:769148 +02:00] [Thread 3044] extDB3: SQL: Initialized: NULL = ""
[21:56:48:769229 +02:00] [Thread 3044] extDB3: Locked
[21:56:48:820137 +02:00] [Thread 6500] extDB3: SQL: Error MariaDBQueryException: The user specified as a definer ('arma3'@'localhost') does not exist
[21:56:48:820237 +02:00] [Thread 6500] extDB3: SQL: Error MariaDBQueryException: Input: CALL resetLifeVehicles
[21:56:48:820317 +02:00] [Thread 7792] extDB3: SQL: Error MariaDBQueryException: The user specified as a definer ('arma3'@'localhost') does not exist
[21:56:48:820441 +02:00] [Thread 7792] extDB3: SQL: Error MariaDBQueryException: Input: CALL deleteDeadVehicles
[21:56:48:820707 +02:00] [Thread 2072] extDB3: SQL: Error MariaDBQueryException: The user specified as a definer ('arma3'@'localhost') does not exist
[21:56:48:820817 +02:00] [Thread 2072] extDB3: SQL: Error MariaDBQueryException: Input: CALL deleteOldHouses
[21:56:48:822394 +02:00] [Thread 1620] extDB3: SQL: Error MariaDBQueryException: The user specified as a definer ('arma3'@'localhost') does not exist
[21:56:48:822424 +02:00] [Thread 1620] extDB3: SQL: Error MariaDBQueryException: Input: CALL deleteOldGangs
