
extDB3: https://bitbucket.org/torndeco/extdb3/wiki/Home
extDB3: Version: 1.028
extDB3: Windows Version
Message: All development for extDB3 is done on a Linux Dedicated Server
Message: If you would like to Donate to extDB3 Development
Message: https://www.paypal.com/cgi-bin/webscr?cmd=_s-xclick&hosted_button_id=2SUEFTGABTAM2
Message: Also leave a message if there is any particular feature you would like to see added.
Message: Thanks for all the people that have donated.
Message: Torndeco: 18/05/15


extDB3: Found extdb3-conf.ini
extDB3: Detected 8 Cores, Setting up 6 Worker Threads
extDB3: ...
extDB3: ...
extDB3: ...
extDB3: ...
extDB3: ...
extDB3: ...


[21:08:18:034146 +02:00] [Thread 1652] extDB3: SQL: Initialized: Add Quotes around TEXT Datatypes mode: 2
[21:08:18:037886 +02:00] [Thread 1652] extDB3: SQL: Initialized: NULL = ""
[21:08:18:038168 +02:00] [Thread 1652] extDB3: Locked
[21:08:18:110058 +02:00] [Thread 8700] extDB3: SQL: Error MariaDBQueryException: The user specified as a definer ('arma3'@'localhost') does not exist
[21:08:18:110155 +02:00] [Thread 7504] extDB3: SQL: Error MariaDBQueryException: The user specified as a definer ('arma3'@'localhost') does not exist
[21:08:18:110257 +02:00] [Thread 7504] extDB3: SQL: Error MariaDBQueryException: Input: CALL deleteOldGangs
[21:08:18:110268 +02:00] [Thread 4524] extDB3: SQL: Error MariaDBQueryException: The user specified as a definer ('arma3'@'localhost') does not exist
[21:08:18:110188 +02:00] [Thread 8700] extDB3: SQL: Error MariaDBQueryException: Input: CALL deleteDeadVehicles
[21:08:18:110358 +02:00] [Thread 4524] extDB3: SQL: Error MariaDBQueryException: Input: CALL resetLifeVehicles
[21:08:18:112371 +02:00] [Thread 8096] extDB3: SQL: Error MariaDBQueryException: The user specified as a definer ('arma3'@'localhost') does not exist
[21:08:18:112421 +02:00] [Thread 8096] extDB3: SQL: Error MariaDBQueryException: Input: CALL deleteOldHouses
