
extDB3: https://bitbucket.org/torndeco/extdb3/wiki/Home
extDB3: Version: 1.028
extDB3: Windows Version
Message: All development for extDB3 is done on a Linux Dedicated Server
Message: If you would like to Donate to extDB3 Development
Message: https://www.paypal.com/cgi-bin/webscr?cmd=_s-xclick&hosted_button_id=2SUEFTGABTAM2
Message: Also leave a message if there is any particular feature you would like to see added.
Message: Thanks for all the people that have donated.
Message: Torndeco: 18/05/15


extDB3: Found extdb3-conf.ini
extDB3: Detected 8 Cores, Setting up 6 Worker Threads
extDB3: ...
extDB3: ...
extDB3: ...
extDB3: ...
extDB3: ...
extDB3: ...


[22:21:30:073346 +02:00] [Thread 7740] extDB3: SQL: Initialized: Add Quotes around TEXT Datatypes mode: 2
[22:21:30:075940 +02:00] [Thread 7740] extDB3: SQL: Initialized: NULL = ""
[22:21:30:076108 +02:00] [Thread 7740] extDB3: Locked
[22:21:30:156409 +02:00] [Thread 8716] extDB3: SQL: Error MariaDBQueryException: The user specified as a definer ('arma3'@'localhost') does not exist
[22:21:30:156525 +02:00] [Thread 8716] extDB3: SQL: Error MariaDBQueryException: Input: CALL deleteDeadVehicles
[22:21:30:156609 +02:00] [Thread 5160] extDB3: SQL: Error MariaDBQueryException: The user specified as a definer ('arma3'@'localhost') does not exist
[22:21:30:156640 +02:00] [Thread 5160] extDB3: SQL: Error MariaDBQueryException: Input: CALL deleteOldHouses
[22:21:30:157101 +02:00] [Thread 9176] extDB3: SQL: Error MariaDBQueryException: The user specified as a definer ('arma3'@'localhost') does not exist
[22:21:30:157221 +02:00] [Thread 9176] extDB3: SQL: Error MariaDBQueryException: Input: CALL resetLifeVehicles
[22:21:30:159648 +02:00] [Thread 5752] extDB3: SQL: Error MariaDBQueryException: The user specified as a definer ('arma3'@'localhost') does not exist
[22:21:30:159685 +02:00] [Thread 5752] extDB3: SQL: Error MariaDBQueryException: Input: CALL deleteOldGangs
