
extDB3: https://bitbucket.org/torndeco/extdb3/wiki/Home
extDB3: Version: 1.028
extDB3: Windows Version
Message: All development for extDB3 is done on a Linux Dedicated Server
Message: If you would like to Donate to extDB3 Development
Message: https://www.paypal.com/cgi-bin/webscr?cmd=_s-xclick&hosted_button_id=2SUEFTGABTAM2
Message: Also leave a message if there is any particular feature you would like to see added.
Message: Thanks for all the people that have donated.
Message: Torndeco: 18/05/15


extDB3: Found extdb3-conf.ini
extDB3: Detected 8 Cores, Setting up 6 Worker Threads
extDB3: ...
extDB3: ...
extDB3: ...
extDB3: ...
extDB3: ...
extDB3: ...


[00:29:13:115134 +02:00] [Thread 6852] extDB3: SQL: Initialized: Add Quotes around TEXT Datatypes mode: 2
[00:29:13:116746 +02:00] [Thread 6852] extDB3: SQL: Initialized: NULL = ""
[00:29:13:116816 +02:00] [Thread 6852] extDB3: Locked
[00:29:13:201924 +02:00] [Thread 8380] extDB3: SQL: Error MariaDBQueryException: The user specified as a definer ('arma3'@'localhost') does not exist
[00:29:13:201985 +02:00] [Thread 6384] extDB3: SQL: Error MariaDBQueryException: The user specified as a definer ('arma3'@'localhost') does not exist
[00:29:13:202146 +02:00] [Thread 6384] extDB3: SQL: Error MariaDBQueryException: Input: CALL deleteDeadVehicles
[00:29:13:202015 +02:00] [Thread 1196] extDB3: SQL: Error MariaDBQueryException: The user specified as a definer ('arma3'@'localhost') does not exist
[00:29:13:202196 +02:00] [Thread 1196] extDB3: SQL: Error MariaDBQueryException: Input: CALL deleteOldHouses
[00:29:13:202053 +02:00] [Thread 8380] extDB3: SQL: Error MariaDBQueryException: Input: CALL deleteOldGangs
[00:29:13:201951 +02:00] [Thread 7844] extDB3: SQL: Error MariaDBQueryException: The user specified as a definer ('arma3'@'localhost') does not exist
[00:29:13:202444 +02:00] [Thread 7844] extDB3: SQL: Error MariaDBQueryException: Input: CALL resetLifeVehicles
[05:38:18:699560 +02:00] [Thread 8380] extDB3: SQL: Error MariaDBQueryException: The user specified as a definer ('arma3'@'localhost') does not exist
[05:38:18:699565 +02:00] [Thread 7844] extDB3: SQL: Error MariaDBQueryException: The user specified as a definer ('arma3'@'localhost') does not exist
[05:38:18:699559 +02:00] [Thread 6384] extDB3: SQL: Error MariaDBQueryException: The user specified as a definer ('arma3'@'localhost') does not exist
[05:38:18:699568 +02:00] [Thread 1196] extDB3: SQL: Error MariaDBQueryException: The user specified as a definer ('arma3'@'localhost') does not exist
[05:38:18:700457 +02:00] [Thread 8380] extDB3: SQL: Error MariaDBQueryException: Input: CALL deleteDeadVehicles
[05:38:18:700622 +02:00] [Thread 7844] extDB3: SQL: Error MariaDBQueryException: Input: CALL resetLifeVehicles
[05:38:18:700661 +02:00] [Thread 6384] extDB3: SQL: Error MariaDBQueryException: Input: CALL deleteOldGangs
[05:38:18:700695 +02:00] [Thread 1196] extDB3: SQL: Error MariaDBQueryException: Input: CALL deleteOldHouses
